1515593526332	geckodriver	INFO	geckodriver 0.19.1
1515593526359	geckodriver	INFO	Listening on 127.0.0.1:58467
1515593529484	mozrunner::runner	INFO	Running command: "C:\\Program Files (x86)\\Mozilla Firefox\\firefox.exe" "-marionette" "-profile" "C:\\Users\\user\\AppData\\Local\\Temp\\rust_mozprofile.6KTMIvZns1gy"
1515593529739	addons.manager	DEBUG	Application has been upgraded
1515593529846	addons.manager	DEBUG	Loaded provider scope for resource://gre/modules/addons/XPIProvider.jsm: ["XPIProvider", "XPIInternal"]
1515593529850	addons.manager	DEBUG	Loaded provider scope for resource://gre/modules/LightweightThemeManager.jsm: ["LightweightThemeManager"]
1515593529877	addons.manager	DEBUG	Loaded provider scope for resource://gre/modules/addons/GMPProvider.jsm
1515593529879	addons.manager	DEBUG	Loaded provider scope for resource://gre/modules/addons/PluginProvider.jsm
1515593529880	addons.manager	DEBUG	Starting provider: XPIProvider
1515593529880	addons.xpi	DEBUG	startup
1515593529880	addons.xpi	INFO	SystemAddonInstallLocation directory is missing
1515593529881	addons.xpi	INFO	Removing all system add-on upgrades.
1515593529881	addons.xpi	DEBUG	checkForChanges
1515593529882	addons.xpi	DEBUG	Loaded add-on state: ${}
1515593529883	addons.xpi	INFO	Mapping activity-stream@mozilla.org to C:\Program Files (x86)\Mozilla Firefox\browser\features\activity-stream@mozilla.org.xpi
1515593529883	addons.xpi	INFO	Mapping aushelper@mozilla.org to C:\Program Files (x86)\Mozilla Firefox\browser\features\aushelper@mozilla.org.xpi
1515593529883	addons.xpi	INFO	Mapping e10srollout@mozilla.org to C:\Program Files (x86)\Mozilla Firefox\browser\features\e10srollout@mozilla.org.xpi
1515593529883	addons.xpi	INFO	Mapping firefox@getpocket.com to C:\Program Files (x86)\Mozilla Firefox\browser\features\firefox@getpocket.com.xpi
1515593529884	addons.xpi	INFO	Mapping followonsearch@mozilla.com to C:\Program Files (x86)\Mozilla Firefox\browser\features\followonsearch@mozilla.com.xpi
1515593529884	addons.xpi	INFO	Mapping formautofill@mozilla.org to C:\Program Files (x86)\Mozilla Firefox\browser\features\formautofill@mozilla.org.xpi
1515593529884	addons.xpi	INFO	Mapping onboarding@mozilla.org to C:\Program Files (x86)\Mozilla Firefox\browser\features\onboarding@mozilla.org.xpi
1515593529884	addons.xpi	INFO	Mapping screenshots@mozilla.org to C:\Program Files (x86)\Mozilla Firefox\browser\features\screenshots@mozilla.org.xpi
1515593529884	addons.xpi	INFO	Mapping shield-recipe-client@mozilla.org to C:\Program Files (x86)\Mozilla Firefox\browser\features\shield-recipe-client@mozilla.org.xpi
1515593529885	addons.xpi	INFO	Mapping webcompat@mozilla.org to C:\Program Files (x86)\Mozilla Firefox\browser\features\webcompat@mozilla.org.xpi
1515593529885	addons.xpi	DEBUG	New add-on activity-stream@mozilla.org in app-system-defaults
1515593529886	addons.xpi	INFO	Mapping activity-stream@mozilla.org to C:\Program Files (x86)\Mozilla Firefox\browser\features\activity-stream@mozilla.org.xpi
1515593529887	addons.xpi	DEBUG	New add-on aushelper@mozilla.org in app-system-defaults
1515593529887	addons.xpi	INFO	Mapping aushelper@mozilla.org to C:\Program Files (x86)\Mozilla Firefox\browser\features\aushelper@mozilla.org.xpi
1515593529887	addons.xpi	DEBUG	New add-on e10srollout@mozilla.org in app-system-defaults
1515593529888	addons.xpi	INFO	Mapping e10srollout@mozilla.org to C:\Program Files (x86)\Mozilla Firefox\browser\features\e10srollout@mozilla.org.xpi
1515593529889	addons.xpi	DEBUG	New add-on firefox@getpocket.com in app-system-defaults
1515593529889	addons.xpi	INFO	Mapping firefox@getpocket.com to C:\Program Files (x86)\Mozilla Firefox\browser\features\firefox@getpocket.com.xpi
1515593529889	addons.xpi	DEBUG	New add-on followonsearch@mozilla.com in app-system-defaults
1515593529890	addons.xpi	INFO	Mapping followonsearch@mozilla.com to C:\Program Files (x86)\Mozilla Firefox\browser\features\followonsearch@mozilla.com.xpi
1515593529890	addons.xpi	DEBUG	New add-on formautofill@mozilla.org in app-system-defaults
1515593529890	addons.xpi	INFO	Mapping formautofill@mozilla.org to C:\Program Files (x86)\Mozilla Firefox\browser\features\formautofill@mozilla.org.xpi
1515593529890	addons.xpi	DEBUG	New add-on onboarding@mozilla.org in app-system-defaults
1515593529891	addons.xpi	INFO	Mapping onboarding@mozilla.org to C:\Program Files (x86)\Mozilla Firefox\browser\features\onboarding@mozilla.org.xpi
1515593529891	addons.xpi	DEBUG	New add-on screenshots@mozilla.org in app-system-defaults
1515593529891	addons.xpi	INFO	Mapping screenshots@mozilla.org to C:\Program Files (x86)\Mozilla Firefox\browser\features\screenshots@mozilla.org.xpi
1515593529892	addons.xpi	DEBUG	New add-on shield-recipe-client@mozilla.org in app-system-defaults
1515593529892	addons.xpi	INFO	Mapping shield-recipe-client@mozilla.org to C:\Program Files (x86)\Mozilla Firefox\browser\features\shield-recipe-client@mozilla.org.xpi
1515593529892	addons.xpi	DEBUG	New add-on webcompat@mozilla.org in app-system-defaults
1515593529892	addons.xpi	INFO	Mapping webcompat@mozilla.org to C:\Program Files (x86)\Mozilla Firefox\browser\features\webcompat@mozilla.org.xpi
1515593529893	addons.xpi	INFO	Mapping {972ce4c6-7e08-4474-a285-3208198ce6fd} to C:\Program Files (x86)\Mozilla Firefox\browser\extensions\{972ce4c6-7e08-4474-a285-3208198ce6fd}.xpi
1515593529893	addons.xpi	DEBUG	New add-on {972ce4c6-7e08-4474-a285-3208198ce6fd} in app-global
1515593529893	addons.xpi	INFO	Mapping {972ce4c6-7e08-4474-a285-3208198ce6fd} to C:\Program Files (x86)\Mozilla Firefox\browser\extensions\{972ce4c6-7e08-4474-a285-3208198ce6fd}.xpi
1515593529894	addons.xpi	DEBUG	getInstallState changed: true, state: {}
1515593529895	addons.xpi	INFO	SystemAddonInstallLocation directory is missing
1515593529901	addons.xpi-utils	DEBUG	Opening XPI database C:\Users\user\AppData\Local\Temp\rust_mozprofile.6KTMIvZns1gy\extensions.json
1515593529903	addons.xpi-utils	DEBUG	New add-on activity-stream@mozilla.org installed in app-system-defaults
*** Blocklist::_loadBlocklistFromFile: blocklist is disabled
1515593529927	DeferredSave.extensions.json	DEBUG	Save changes
1515593529928	addons.xpi-utils	DEBUG	New add-on aushelper@mozilla.org installed in app-system-defaults
1515593529931	DeferredSave.extensions.json	DEBUG	Starting timer
1515593529933	DeferredSave.extensions.json	DEBUG	Save changes
1515593529933	addons.xpi-utils	DEBUG	New add-on e10srollout@mozilla.org installed in app-system-defaults
1515593529938	DeferredSave.extensions.json	DEBUG	Save changes
1515593529938	addons.xpi-utils	DEBUG	New add-on firefox@getpocket.com installed in app-system-defaults
1515593529944	DeferredSave.extensions.json	DEBUG	Save changes
1515593529944	addons.xpi-utils	DEBUG	New add-on followonsearch@mozilla.com installed in app-system-defaults
1515593529948	DeferredSave.extensions.json	DEBUG	Save changes
1515593529948	addons.xpi-utils	DEBUG	New add-on formautofill@mozilla.org installed in app-system-defaults
1515593529952	DeferredSave.extensions.json	DEBUG	Save changes
1515593529952	addons.xpi-utils	DEBUG	New add-on onboarding@mozilla.org installed in app-system-defaults
1515593529956	DeferredSave.extensions.json	DEBUG	Save changes
1515593529956	addons.xpi-utils	DEBUG	New add-on screenshots@mozilla.org installed in app-system-defaults
1515593529961	DeferredSave.extensions.json	DEBUG	Save changes
1515593529962	addons.xpi-utils	DEBUG	New add-on shield-recipe-client@mozilla.org installed in app-system-defaults
1515593529965	DeferredSave.extensions.json	DEBUG	Save changes
1515593529965	addons.xpi-utils	DEBUG	New add-on webcompat@mozilla.org installed in app-system-defaults
1515593529968	DeferredSave.extensions.json	DEBUG	Save changes
1515593529969	addons.xpi-utils	DEBUG	New add-on {972ce4c6-7e08-4474-a285-3208198ce6fd} installed in app-global
1515593529974	DeferredSave.extensions.json	DEBUG	Save changes
1515593529975	addons.manager	DEBUG	Registering startup change 'installed' for activity-stream@mozilla.org
1515593529983	addons.xpi	DEBUG	Loading bootstrap scope from C:\Program Files (x86)\Mozilla Firefox\browser\features\activity-stream@mozilla.org.xpi
1515593529986	addons.xpi	DEBUG	Calling bootstrap method install on activity-stream@mozilla.org version 2017.11.07.1100-7f4e3634
1515593529986	addons.xpi-utils	DEBUG	Make addon app-system-defaults:activity-stream@mozilla.org visible
1515593529987	addons.xpi	DEBUG	Updating XPIState for {"id":"activity-stream@mozilla.org","syncGUID":"{ff74d0b6-a298-4575-b28d-c1a24f71d9e6}","location":"app-system-defaults","version":"2017.11.07.1100-7f4e3634","type":"extension","internalName":null,"updateURL":null,"updateKey":null,"optionsURL":null,"optionsType":null,"aboutURL":null,"defaultLocale":{"name":"Activity Stream","description":"A rich visual history feed and a reimagined home page make it easier than ever to find exactly what you're looking for in Firefox.","creator":null,"homepageURL":null},"visible":true,"active":false,"userDisabled":false,"appDisabled":false,"installDate":1515588318855,"updateDate":1515588318855,"applyBackgroundUpdates":1,"bootstrap":true,"path":"C:\\Program Files (x86)\\Mozilla Firefox\\browser\\features\\activity-stream@mozilla.org.xpi","skinnable":false,"size":1423182,"sourceURI":null,"releaseNotesURI":null,"softDisabled":false,"foreignInstall":false,"hasBinaryComponents":false,"strictCompatibility":false,"locales":[],"targetApplications":[{"id":"{ec8030f7-c20a-464f-9b0e-13a3a9e97384}","minVersion":"57.0.4","maxVersion":"57.*"}],"targetPlatforms":[],"multiprocessCompatible":true,"seen":true,"dependencies":[],"hasEmbeddedWebExtension":false,"mpcOptedOut":false,"userPermissions":null,"icons":{},"iconURL":null,"icon64URL":null,"blocklistState":0,"blocklistURL":null}
1515593529989	DeferredSave.extensions.json	DEBUG	Save changes
1515593529989	addons.manager	DEBUG	Registering startup change 'installed' for aushelper@mozilla.org
1515593529990	addons.xpi	DEBUG	Loading bootstrap scope from C:\Program Files (x86)\Mozilla Firefox\browser\features\aushelper@mozilla.org.xpi
1515593529993	addons.xpi	DEBUG	Calling bootstrap method install on aushelper@mozilla.org version 2.0
1515593529993	addons.xpi-utils	DEBUG	Make addon app-system-defaults:aushelper@mozilla.org visible
1515593529993	addons.xpi	DEBUG	Updating XPIState for {"id":"aushelper@mozilla.org","syncGUID":"{589d495c-e94b-4759-a64d-b376e6a2b3a5}","location":"app-system-defaults","version":"2.0","type":"extension","internalName":null,"updateURL":null,"updateKey":null,"optionsURL":null,"optionsType":null,"aboutURL":null,"defaultLocale":{"name":"Application Update Service Helper","description":"Sets value(s) in the update url based on custom checks.","creator":null,"homepageURL":null},"visible":true,"active":false,"userDisabled":false,"appDisabled":false,"installDate":1515588318431,"updateDate":1515588318431,"applyBackgroundUpdates":1,"bootstrap":true,"path":"C:\\Program Files (x86)\\Mozilla Firefox\\browser\\features\\aushelper@mozilla.org.xpi","skinnable":false,"size":8488,"sourceURI":null,"releaseNotesURI":null,"softDisabled":false,"foreignInstall":false,"hasBinaryComponents":false,"strictCompatibility":false,"locales":[],"targetApplications":[{"id":"{ec8030f7-c20a-464f-9b0e-13a3a9e97384}","minVersion":"57.0.4","maxVersion":"57.*"}],"targetPlatforms":[],"multiprocessCompatible":true,"seen":true,"dependencies":[],"hasEmbeddedWebExtension":false,"mpcOptedOut":false,"userPermissions":null,"icons":{},"iconURL":null,"icon64URL":null,"blocklistState":0,"blocklistURL":null}
1515593529994	DeferredSave.extensions.json	DEBUG	Save changes
1515593529994	addons.manager	DEBUG	Registering startup change 'installed' for e10srollout@mozilla.org
1515593529994	addons.xpi	DEBUG	Loading bootstrap scope from C:\Program Files (x86)\Mozilla Firefox\browser\features\e10srollout@mozilla.org.xpi
1515593530006	addons.xpi	DEBUG	Calling bootstrap method install on e10srollout@mozilla.org version 3.05
1515593530007	addons.xpi-utils	DEBUG	Make addon app-system-defaults:e10srollout@mozilla.org visible
1515593530008	addons.xpi	DEBUG	Updating XPIState for {"id":"e10srollout@mozilla.org","syncGUID":"{50ea4ccf-397a-4c5b-a569-0fb37b41bdaa}","location":"app-system-defaults","version":"3.05","type":"extension","internalName":null,"updateURL":null,"updateKey":null,"optionsURL":null,"optionsType":null,"aboutURL":null,"defaultLocale":{"name":"Multi-process staged rollout","description":"Staged rollout of Firefox multi-process feature.","creator":null,"homepageURL":null},"visible":true,"active":false,"userDisabled":false,"appDisabled":false,"installDate":1515588318364,"updateDate":1515588318364,"applyBackgroundUpdates":1,"bootstrap":true,"path":"C:\\Program Files (x86)\\Mozilla Firefox\\browser\\features\\e10srollout@mozilla.org.xpi","skinnable":false,"size":13479,"sourceURI":null,"releaseNotesURI":null,"softDisabled":false,"foreignInstall":false,"hasBinaryComponents":false,"strictCompatibility":false,"locales":[],"targetApplications":[{"id":"{ec8030f7-c20a-464f-9b0e-13a3a9e97384}","minVersion":"57.0.4","maxVersion":"57.*"}],"targetPlatforms":[],"multiprocessCompatible":true,"seen":true,"dependencies":[],"hasEmbeddedWebExtension":false,"mpcOptedOut":false,"userPermissions":null,"icons":{},"iconURL":null,"icon64URL":null,"blocklistState":0,"blocklistURL":null}
1515593530008	DeferredSave.extensions.json	DEBUG	Save changes
1515593530008	addons.manager	DEBUG	Registering startup change 'installed' for firefox@getpocket.com
1515593530009	addons.xpi	DEBUG	Loading bootstrap scope from C:\Program Files (x86)\Mozilla Firefox\browser\features\firefox@getpocket.com.xpi
1515593530015	addons.xpi	DEBUG	Calling bootstrap method install on firefox@getpocket.com version 1.0.5
1515593530015	addons.xpi-utils	DEBUG	Make addon app-system-defaults:firefox@getpocket.com visible
1515593530015	addons.xpi	DEBUG	Updating XPIState for {"id":"firefox@getpocket.com","syncGUID":"{b2d00e9b-d07e-497c-a189-d72ef36fac2c}","location":"app-system-defaults","version":"1.0.5","type":"extension","internalName":null,"updateURL":null,"updateKey":null,"optionsURL":null,"optionsType":null,"aboutURL":null,"defaultLocale":{"name":"Pocket","description":"When you find something you want to view later, put it in Pocket.","creator":null,"homepageURL":null},"visible":true,"active":false,"userDisabled":false,"appDisabled":false,"installDate":1515588318287,"updateDate":1515588318287,"applyBackgroundUpdates":1,"bootstrap":true,"path":"C:\\Program Files (x86)\\Mozilla Firefox\\browser\\features\\firefox@getpocket.com.xpi","skinnable":false,"size":915783,"sourceURI":null,"releaseNotesURI":null,"softDisabled":false,"foreignInstall":false,"hasBinaryComponents":false,"strictCompatibility":false,"locales":[],"targetApplications":[{"id":"{ec8030f7-c20a-464f-9b0e-13a3a9e97384}","minVersion":"57.0.4","maxVersion":"57.*"}],"targetPlatforms":[],"multiprocessCompatible":true,"seen":true,"dependencies":[],"hasEmbeddedWebExtension":false,"mpcOptedOut":false,"userPermissions":null,"icons":{},"iconURL":null,"icon64URL":null,"blocklistState":0,"blocklistURL":null}
1515593530016	DeferredSave.extensions.json	DEBUG	Save changes
1515593530016	addons.manager	DEBUG	Registering startup change 'installed' for followonsearch@mozilla.com
1515593530017	addons.xpi	DEBUG	Loading bootstrap scope from C:\Program Files (x86)\Mozilla Firefox\browser\features\followonsearch@mozilla.com.xpi
1515593530019	addons.xpi	DEBUG	Calling bootstrap method install on followonsearch@mozilla.com version 0.9.6
1515593530019	addons.xpi-utils	DEBUG	Make addon app-system-defaults:followonsearch@mozilla.com visible
1515593530020	addons.xpi	DEBUG	Updating XPIState for {"id":"followonsearch@mozilla.com","syncGUID":"{5577cf54-7436-414c-adb0-0e6705aafc21}","location":"app-system-defaults","version":"0.9.6","type":"extension","internalName":null,"updateURL":null,"updateKey":null,"optionsURL":null,"optionsType":null,"aboutURL":null,"defaultLocale":{"name":"Follow-on Search Telemetry","description":null,"creator":null,"homepageURL":null},"visible":true,"active":false,"userDisabled":false,"appDisabled":false,"installDate":1511015449464,"updateDate":1511015449464,"applyBackgroundUpdates":1,"bootstrap":true,"path":"C:\\Program Files (x86)\\Mozilla Firefox\\browser\\features\\followonsearch@mozilla.com.xpi","skinnable":false,"size":18625,"sourceURI":null,"releaseNotesURI":null,"softDisabled":false,"foreignInstall":false,"hasBinaryComponents":false,"strictCompatibility":false,"locales":[],"targetApplications":[{"id":"{ec8030f7-c20a-464f-9b0e-13a3a9e97384}","minVersion":"52.0","maxVersion":"59.*"}],"targetPlatforms":[],"multiprocessCompatible":true,"seen":true,"dependencies":[],"hasEmbeddedWebExtension":false,"mpcOptedOut":false,"userPermissions":null,"icons":{},"iconURL":null,"icon64URL":null,"blocklistState":0,"blocklistURL":null}
1515593530020	DeferredSave.extensions.json	DEBUG	Save changes
1515593530020	addons.manager	DEBUG	Registering startup change 'installed' for formautofill@mozilla.org
1515593530021	addons.xpi	DEBUG	Loading bootstrap scope from C:\Program Files (x86)\Mozilla Firefox\browser\features\formautofill@mozilla.org.xpi
1515593530023	addons.xpi	DEBUG	Calling bootstrap method install on formautofill@mozilla.org version 1.0
1515593530023	addons.xpi-utils	DEBUG	Make addon app-system-defaults:formautofill@mozilla.org visible
1515593530024	addons.xpi	DEBUG	Updating XPIState for {"id":"formautofill@mozilla.org","syncGUID":"{61a30683-d315-4553-a62c-15c094b7140e}","location":"app-system-defaults","version":"1.0","type":"extension","internalName":null,"updateURL":null,"updateKey":null,"optionsURL":null,"optionsType":null,"aboutURL":null,"defaultLocale":{"name":"Form Autofill","description":"Autofill forms with saved profiles","creator":null,"homepageURL":null},"visible":true,"active":false,"userDisabled":false,"appDisabled":false,"installDate":1515588318173,"updateDate":1515588318173,"applyBackgroundUpdates":1,"bootstrap":true,"path":"C:\\Program Files (x86)\\Mozilla Firefox\\browser\\features\\formautofill@mozilla.org.xpi","skinnable":false,"size":380181,"sourceURI":null,"releaseNotesURI":null,"softDisabled":false,"foreignInstall":false,"hasBinaryComponents":false,"strictCompatibility":false,"locales":[],"targetApplications":[{"id":"{ec8030f7-c20a-464f-9b0e-13a3a9e97384}","minVersion":"57.0.4","maxVersion":"57.*"}],"targetPlatforms":[],"multiprocessCompatible":true,"seen":true,"dependencies":[],"hasEmbeddedWebExtension":false,"mpcOptedOut":false,"userPermissions":null,"icons":{},"iconURL":null,"icon64URL":null,"blocklistState":0,"blocklistURL":null}
1515593530024	DeferredSave.extensions.json	DEBUG	Save changes
1515593530024	addons.manager	DEBUG	Registering startup change 'installed' for onboarding@mozilla.org
1515593530025	addons.xpi	DEBUG	Loading bootstrap scope from C:\Program Files (x86)\Mozilla Firefox\browser\features\onboarding@mozilla.org.xpi
1515593530028	addons.xpi	DEBUG	Calling bootstrap method install on onboarding@mozilla.org version 1.0
1515593530029	addons.xpi-utils	DEBUG	Make addon app-system-defaults:onboarding@mozilla.org visible
1515593530029	addons.xpi	DEBUG	Updating XPIState for {"id":"onboarding@mozilla.org","syncGUID":"{8c6cb638-4454-4fe1-963c-a6dbfc75addb}","location":"app-system-defaults","version":"1.0","type":"extension","internalName":null,"updateURL":null,"updateKey":null,"optionsURL":null,"optionsType":null,"aboutURL":null,"defaultLocale":{"name":"Photon onboarding","description":"Photon onboarding","creator":null,"homepageURL":null},"visible":true,"active":false,"userDisabled":false,"appDisabled":false,"installDate":1515588318046,"updateDate":1515588318046,"applyBackgroundUpdates":1,"bootstrap":true,"path":"C:\\Program Files (x86)\\Mozilla Firefox\\browser\\features\\onboarding@mozilla.org.xpi","skinnable":false,"size":554784,"sourceURI":null,"releaseNotesURI":null,"softDisabled":false,"foreignInstall":false,"hasBinaryComponents":false,"strictCompatibility":false,"locales":[],"targetApplications":[{"id":"{ec8030f7-c20a-464f-9b0e-13a3a9e97384}","minVersion":"57.0.4","maxVersion":"57.*"}],"targetPlatforms":[],"multiprocessCompatible":true,"seen":true,"dependencies":[],"hasEmbeddedWebExtension":false,"mpcOptedOut":false,"userPermissions":null,"icons":{},"iconURL":null,"icon64URL":null,"blocklistState":0,"blocklistURL":null}
1515593530029	DeferredSave.extensions.json	DEBUG	Save changes
1515593530029	addons.manager	DEBUG	Registering startup change 'installed' for screenshots@mozilla.org
1515593530030	addons.xpi	DEBUG	Loading bootstrap scope from C:\Program Files (x86)\Mozilla Firefox\browser\features\screenshots@mozilla.org.xpi
1515593530033	addons.xpi	DEBUG	Calling bootstrap method install on screenshots@mozilla.org version 19.2.0
1515593530033	addons.xpi-utils	DEBUG	Make addon app-system-defaults:screenshots@mozilla.org visible
1515593530033	addons.xpi	DEBUG	Updating XPIState for {"id":"screenshots@mozilla.org","syncGUID":"{db692ec8-166f-4d96-ace0-e7883ae1c39b}","location":"app-system-defaults","version":"19.2.0","type":"extension","internalName":null,"updateURL":null,"updateKey":null,"optionsURL":null,"optionsType":null,"aboutURL":null,"defaultLocale":{"name":"Firefox Screenshots","description":null,"creator":null,"homepageURL":"https://screenshots.firefox.com/"},"visible":true,"active":false,"userDisabled":false,"appDisabled":false,"installDate":1511015449008,"updateDate":1511015449008,"applyBackgroundUpdates":1,"bootstrap":true,"path":"C:\\Program Files (x86)\\Mozilla Firefox\\browser\\features\\screenshots@mozilla.org.xpi","skinnable":false,"size":884473,"sourceURI":null,"releaseNotesURI":null,"softDisabled":false,"foreignInstall":false,"hasBinaryComponents":false,"strictCompatibility":false,"locales":[],"targetApplications":[{"id":"{ec8030f7-c20a-464f-9b0e-13a3a9e97384}","minVersion":"57.0a1","maxVersion":"*"}],"targetPlatforms":[],"multiprocessCompatible":true,"seen":true,"dependencies":[],"hasEmbeddedWebExtension":false,"mpcOptedOut":false,"userPermissions":null,"icons":{},"iconURL":null,"icon64URL":null,"blocklistState":0,"blocklistURL":null}
1515593530034	DeferredSave.extensions.json	DEBUG	Save changes
1515593530034	addons.manager	DEBUG	Registering startup change 'installed' for shield-recipe-client@mozilla.org
1515593530034	addons.xpi	DEBUG	Loading bootstrap scope from C:\Program Files (x86)\Mozilla Firefox\browser\features\shield-recipe-client@mozilla.org.xpi
1515593530040	addons.xpi	DEBUG	Calling bootstrap method install on shield-recipe-client@mozilla.org version 76.1
1515593530041	addons.xpi-utils	DEBUG	Make addon app-system-defaults:shield-recipe-client@mozilla.org visible
1515593530041	addons.xpi	DEBUG	Updating XPIState for {"id":"shield-recipe-client@mozilla.org","syncGUID":"{cf5bfc51-511c-4609-b687-3caa3a1f2600}","location":"app-system-defaults","version":"76.1","type":"extension","internalName":null,"updateURL":null,"updateKey":null,"optionsURL":null,"optionsType":null,"aboutURL":null,"defaultLocale":{"name":"Shield Recipe Client","description":"Client to download and run recipes for SHIELD, Heartbeat, etc.","creator":null,"homepageURL":null},"visible":true,"active":false,"userDisabled":false,"appDisabled":false,"installDate":1515588317798,"updateDate":1515588317798,"applyBackgroundUpdates":1,"bootstrap":true,"path":"C:\\Program Files (x86)\\Mozilla Firefox\\browser\\features\\shield-recipe-client@mozilla.org.xpi","skinnable":false,"size":364002,"sourceURI":null,"releaseNotesURI":null,"softDisabled":false,"foreignInstall":false,"hasBinaryComponents":false,"strictCompatibility":false,"locales":[],"targetApplications":[{"id":"{ec8030f7-c20a-464f-9b0e-13a3a9e97384}","minVersion":"57.0.4","maxVersion":"57.*"}],"targetPlatforms":[],"multiprocessCompatible":true,"seen":true,"dependencies":[],"hasEmbeddedWebExtension":false,"mpcOptedOut":false,"userPermissions":null,"icons":{},"iconURL":null,"icon64URL":null,"blocklistState":0,"blocklistURL":null}
1515593530042	DeferredSave.extensions.json	DEBUG	Save changes
1515593530042	addons.manager	DEBUG	Registering startup change 'installed' for webcompat@mozilla.org
1515593530042	addons.xpi	DEBUG	Loading bootstrap scope from C:\Program Files (x86)\Mozilla Firefox\browser\features\webcompat@mozilla.org.xpi
1515593530044	addons.xpi	DEBUG	Calling bootstrap method install on webcompat@mozilla.org version 1.1
1515593530044	addons.xpi-utils	DEBUG	Make addon app-system-defaults:webcompat@mozilla.org visible
1515593530045	addons.xpi	DEBUG	Updating XPIState for {"id":"webcompat@mozilla.org","syncGUID":"{e6c49615-b09f-455e-b5b2-9a76eac99561}","location":"app-system-defaults","version":"1.1","type":"extension","internalName":null,"updateURL":null,"updateKey":null,"optionsURL":null,"optionsType":null,"aboutURL":null,"defaultLocale":{"name":"Web Compat","description":"Urgent post-release fixes for web compatibility.","creator":null,"homepageURL":null},"visible":true,"active":false,"userDisabled":false,"appDisabled":false,"installDate":1515588317730,"updateDate":1515588317730,"applyBackgroundUpdates":1,"bootstrap":true,"path":"C:\\Program Files (x86)\\Mozilla Firefox\\browser\\features\\webcompat@mozilla.org.xpi","skinnable":false,"size":9268,"sourceURI":null,"releaseNotesURI":null,"softDisabled":false,"foreignInstall":false,"hasBinaryComponents":false,"strictCompatibility":false,"locales":[],"targetApplications":[{"id":"{ec8030f7-c20a-464f-9b0e-13a3a9e97384}","minVersion":"57.0.4","maxVersion":"57.*"}],"targetPlatforms":[],"multiprocessCompatible":true,"seen":true,"dependencies":[],"hasEmbeddedWebExtension":false,"mpcOptedOut":false,"userPermissions":null,"icons":{},"iconURL":null,"icon64URL":null,"blocklistState":0,"blocklistURL":null}
1515593530045	DeferredSave.extensions.json	DEBUG	Save changes
1515593530046	addons.xpi-utils	DEBUG	Make addon app-global:{972ce4c6-7e08-4474-a285-3208198ce6fd} visible
1515593530046	addons.xpi	DEBUG	Updating XPIState for {"id":"{972ce4c6-7e08-4474-a285-3208198ce6fd}","syncGUID":"{0bd6e99a-8487-469c-8d73-119ff032e6e0}","location":"app-global","version":"57.0.4","type":"theme","internalName":"classic/1.0","updateURL":null,"updateKey":null,"optionsURL":null,"optionsType":null,"optionsBrowserStyle":null,"aboutURL":null,"defaultLocale":{"name":"Default","description":"The default theme.","creator":"Mozilla","homepageURL":null,"contributors":["Mozilla Contributors"]},"visible":true,"active":false,"userDisabled":false,"appDisabled":false,"installDate":1515588318979,"updateDate":1515588318979,"applyBackgroundUpdates":1,"path":"C:\\Program Files (x86)\\Mozilla Firefox\\browser\\extensions\\{972ce4c6-7e08-4474-a285-3208198ce6fd}.xpi","skinnable":true,"size":3354,"sourceURI":null,"releaseNotesURI":null,"softDisabled":false,"foreignInstall":false,"hasBinaryComponents":false,"strictCompatibility":true,"locales":[],"targetApplications":[{"id":"{ec8030f7-c20a-464f-9b0e-13a3a9e97384}","minVersion":"57.0.4","maxVersion":"57.0.4"}],"targetPlatforms":[],"seen":true,"dependencies":[],"hasEmbeddedWebExtension":false,"userPermissions":null,"icons":{},"iconURL":"chrome://browser/content/default-theme-icon.svg","icon64URL":null,"blocklistState":0,"blocklistURL":null}
1515593530047	DeferredSave.extensions.json	DEBUG	Save changes
1515593530048	addons.xpi	DEBUG	Updating XPIState for {"id":"activity-stream@mozilla.org","syncGUID":"{ff74d0b6-a298-4575-b28d-c1a24f71d9e6}","location":"app-system-defaults","version":"2017.11.07.1100-7f4e3634","type":"extension","internalName":null,"updateURL":null,"updateKey":null,"optionsURL":null,"optionsType":null,"aboutURL":null,"defaultLocale":{"name":"Activity Stream","description":"A rich visual history feed and a reimagined home page make it easier than ever to find exactly what you're looking for in Firefox.","creator":null,"homepageURL":null},"visible":true,"active":true,"userDisabled":false,"appDisabled":false,"installDate":1515588318855,"updateDate":1515588318855,"applyBackgroundUpdates":1,"bootstrap":true,"path":"C:\\Program Files (x86)\\Mozilla Firefox\\browser\\features\\activity-stream@mozilla.org.xpi","skinnable":false,"size":1423182,"sourceURI":null,"releaseNotesURI":null,"softDisabled":false,"foreignInstall":false,"hasBinaryComponents":false,"strictCompatibility":false,"locales":[],"targetApplications":[{"id":"{ec8030f7-c20a-464f-9b0e-13a3a9e97384}","minVersion":"57.0.4","maxVersion":"57.*"}],"targetPlatforms":[],"multiprocessCompatible":true,"seen":true,"dependencies":[],"hasEmbeddedWebExtension":false,"mpcOptedOut":false,"userPermissions":null,"icons":{},"iconURL":null,"icon64URL":null,"blocklistState":0,"blocklistURL":null}
1515593530048	addons.xpi	DEBUG	Updating XPIState for {"id":"aushelper@mozilla.org","syncGUID":"{589d495c-e94b-4759-a64d-b376e6a2b3a5}","location":"app-system-defaults","version":"2.0","type":"extension","internalName":null,"updateURL":null,"updateKey":null,"optionsURL":null,"optionsType":null,"aboutURL":null,"defaultLocale":{"name":"Application Update Service Helper","description":"Sets value(s) in the update url based on custom checks.","creator":null,"homepageURL":null},"visible":true,"active":true,"userDisabled":false,"appDisabled":false,"installDate":1515588318431,"updateDate":1515588318431,"applyBackgroundUpdates":1,"bootstrap":true,"path":"C:\\Program Files (x86)\\Mozilla Firefox\\browser\\features\\aushelper@mozilla.org.xpi","skinnable":false,"size":8488,"sourceURI":null,"releaseNotesURI":null,"softDisabled":false,"foreignInstall":false,"hasBinaryComponents":false,"strictCompatibility":false,"locales":[],"targetApplications":[{"id":"{ec8030f7-c20a-464f-9b0e-13a3a9e97384}","minVersion":"57.0.4","maxVersion":"57.*"}],"targetPlatforms":[],"multiprocessCompatible":true,"seen":true,"dependencies":[],"hasEmbeddedWebExtension":false,"mpcOptedOut":false,"userPermissions":null,"icons":{},"iconURL":null,"icon64URL":null,"blocklistState":0,"blocklistURL":null}
1515593530048	addons.xpi	DEBUG	Updating XPIState for {"id":"e10srollout@mozilla.org","syncGUID":"{50ea4ccf-397a-4c5b-a569-0fb37b41bdaa}","location":"app-system-defaults","version":"3.05","type":"extension","internalName":null,"updateURL":null,"updateKey":null,"optionsURL":null,"optionsType":null,"aboutURL":null,"defaultLocale":{"name":"Multi-process staged rollout","description":"Staged rollout of Firefox multi-process feature.","creator":null,"homepageURL":null},"visible":true,"active":true,"userDisabled":false,"appDisabled":false,"installDate":1515588318364,"updateDate":1515588318364,"applyBackgroundUpdates":1,"bootstrap":true,"path":"C:\\Program Files (x86)\\Mozilla Firefox\\browser\\features\\e10srollout@mozilla.org.xpi","skinnable":false,"size":13479,"sourceURI":null,"releaseNotesURI":null,"softDisabled":false,"foreignInstall":false,"hasBinaryComponents":false,"strictCompatibility":false,"locales":[],"targetApplications":[{"id":"{ec8030f7-c20a-464f-9b0e-13a3a9e97384}","minVersion":"57.0.4","maxVersion":"57.*"}],"targetPlatforms":[],"multiprocessCompatible":true,"seen":true,"dependencies":[],"hasEmbeddedWebExtension":false,"mpcOptedOut":false,"userPermissions":null,"icons":{},"iconURL":null,"icon64URL":null,"blocklistState":0,"blocklistURL":null}
1515593530049	addons.xpi	DEBUG	Updating XPIState for {"id":"firefox@getpocket.com","syncGUID":"{b2d00e9b-d07e-497c-a189-d72ef36fac2c}","location":"app-system-defaults","version":"1.0.5","type":"extension","internalName":null,"updateURL":null,"updateKey":null,"optionsURL":null,"optionsType":null,"aboutURL":null,"defaultLocale":{"name":"Pocket","description":"When you find something you want to view later, put it in Pocket.","creator":null,"homepageURL":null},"visible":true,"active":true,"userDisabled":false,"appDisabled":false,"installDate":1515588318287,"updateDate":1515588318287,"applyBackgroundUpdates":1,"bootstrap":true,"path":"C:\\Program Files (x86)\\Mozilla Firefox\\browser\\features\\firefox@getpocket.com.xpi","skinnable":false,"size":915783,"sourceURI":null,"releaseNotesURI":null,"softDisabled":false,"foreignInstall":false,"hasBinaryComponents":false,"strictCompatibility":false,"locales":[],"targetApplications":[{"id":"{ec8030f7-c20a-464f-9b0e-13a3a9e97384}","minVersion":"57.0.4","maxVersion":"57.*"}],"targetPlatforms":[],"multiprocessCompatible":true,"seen":true,"dependencies":[],"hasEmbeddedWebExtension":false,"mpcOptedOut":false,"userPermissions":null,"icons":{},"iconURL":null,"icon64URL":null,"blocklistState":0,"blocklistURL":null}
1515593530049	addons.xpi	DEBUG	Updating XPIState for {"id":"followonsearch@mozilla.com","syncGUID":"{5577cf54-7436-414c-adb0-0e6705aafc21}","location":"app-system-defaults","version":"0.9.6","type":"extension","internalName":null,"updateURL":null,"updateKey":null,"optionsURL":null,"optionsType":null,"aboutURL":null,"defaultLocale":{"name":"Follow-on Search Telemetry","description":null,"creator":null,"homepageURL":null},"visible":true,"active":true,"userDisabled":false,"appDisabled":false,"installDate":1511015449464,"updateDate":1511015449464,"applyBackgroundUpdates":1,"bootstrap":true,"path":"C:\\Program Files (x86)\\Mozilla Firefox\\browser\\features\\followonsearch@mozilla.com.xpi","skinnable":false,"size":18625,"sourceURI":null,"releaseNotesURI":null,"softDisabled":false,"foreignInstall":false,"hasBinaryComponents":false,"strictCompatibility":false,"locales":[],"targetApplications":[{"id":"{ec8030f7-c20a-464f-9b0e-13a3a9e97384}","minVersion":"52.0","maxVersion":"59.*"}],"targetPlatforms":[],"multiprocessCompatible":true,"seen":true,"dependencies":[],"hasEmbeddedWebExtension":false,"mpcOptedOut":false,"userPermissions":null,"icons":{},"iconURL":null,"icon64URL":null,"blocklistState":0,"blocklistURL":null}
1515593530049	addons.xpi	DEBUG	Updating XPIState for {"id":"formautofill@mozilla.org","syncGUID":"{61a30683-d315-4553-a62c-15c094b7140e}","location":"app-system-defaults","version":"1.0","type":"extension","internalName":null,"updateURL":null,"updateKey":null,"optionsURL":null,"optionsType":null,"aboutURL":null,"defaultLocale":{"name":"Form Autofill","description":"Autofill forms with saved profiles","creator":null,"homepageURL":null},"visible":true,"active":true,"userDisabled":false,"appDisabled":false,"installDate":1515588318173,"updateDate":1515588318173,"applyBackgroundUpdates":1,"bootstrap":true,"path":"C:\\Program Files (x86)\\Mozilla Firefox\\browser\\features\\formautofill@mozilla.org.xpi","skinnable":false,"size":380181,"sourceURI":null,"releaseNotesURI":null,"softDisabled":false,"foreignInstall":false,"hasBinaryComponents":false,"strictCompatibility":false,"locales":[],"targetApplications":[{"id":"{ec8030f7-c20a-464f-9b0e-13a3a9e97384}","minVersion":"57.0.4","maxVersion":"57.*"}],"targetPlatforms":[],"multiprocessCompatible":true,"seen":true,"dependencies":[],"hasEmbeddedWebExtension":false,"mpcOptedOut":false,"userPermissions":null,"icons":{},"iconURL":null,"icon64URL":null,"blocklistState":0,"blocklistURL":null}
1515593530049	addons.xpi	DEBUG	Updating XPIState for {"id":"onboarding@mozilla.org","syncGUID":"{8c6cb638-4454-4fe1-963c-a6dbfc75addb}","location":"app-system-defaults","version":"1.0","type":"extension","internalName":null,"updateURL":null,"updateKey":null,"optionsURL":null,"optionsType":null,"aboutURL":null,"defaultLocale":{"name":"Photon onboarding","description":"Photon onboarding","creator":null,"homepageURL":null},"visible":true,"active":true,"userDisabled":false,"appDisabled":false,"installDate":1515588318046,"updateDate":1515588318046,"applyBackgroundUpdates":1,"bootstrap":true,"path":"C:\\Program Files (x86)\\Mozilla Firefox\\browser\\features\\onboarding@mozilla.org.xpi","skinnable":false,"size":554784,"sourceURI":null,"releaseNotesURI":null,"softDisabled":false,"foreignInstall":false,"hasBinaryComponents":false,"strictCompatibility":false,"locales":[],"targetApplications":[{"id":"{ec8030f7-c20a-464f-9b0e-13a3a9e97384}","minVersion":"57.0.4","maxVersion":"57.*"}],"targetPlatforms":[],"multiprocessCompatible":true,"seen":true,"dependencies":[],"hasEmbeddedWebExtension":false,"mpcOptedOut":false,"userPermissions":null,"icons":{},"iconURL":null,"icon64URL":null,"blocklistState":0,"blocklistURL":null}
1515593530049	addons.xpi	DEBUG	Updating XPIState for {"id":"screenshots@mozilla.org","syncGUID":"{db692ec8-166f-4d96-ace0-e7883ae1c39b}","location":"app-system-defaults","version":"19.2.0","type":"extension","internalName":null,"updateURL":null,"updateKey":null,"optionsURL":null,"optionsType":null,"aboutURL":null,"defaultLocale":{"name":"Firefox Screenshots","description":null,"creator":null,"homepageURL":"https://screenshots.firefox.com/"},"visible":true,"active":true,"userDisabled":false,"appDisabled":false,"installDate":1511015449008,"updateDate":1511015449008,"applyBackgroundUpdates":1,"bootstrap":true,"path":"C:\\Program Files (x86)\\Mozilla Firefox\\browser\\features\\screenshots@mozilla.org.xpi","skinnable":false,"size":884473,"sourceURI":null,"releaseNotesURI":null,"softDisabled":false,"foreignInstall":false,"hasBinaryComponents":false,"strictCompatibility":false,"locales":[],"targetApplications":[{"id":"{ec8030f7-c20a-464f-9b0e-13a3a9e97384}","minVersion":"57.0a1","maxVersion":"*"}],"targetPlatforms":[],"multiprocessCompatible":true,"seen":true,"dependencies":[],"hasEmbeddedWebExtension":false,"mpcOptedOut":false,"userPermissions":null,"icons":{},"iconURL":null,"icon64URL":null,"blocklistState":0,"blocklistURL":null}
1515593530049	addons.xpi	DEBUG	Updating XPIState for {"id":"shield-recipe-client@mozilla.org","syncGUID":"{cf5bfc51-511c-4609-b687-3caa3a1f2600}","location":"app-system-defaults","version":"76.1","type":"extension","internalName":null,"updateURL":null,"updateKey":null,"optionsURL":null,"optionsType":null,"aboutURL":null,"defaultLocale":{"name":"Shield Recipe Client","description":"Client to download and run recipes for SHIELD, Heartbeat, etc.","creator":null,"homepageURL":null},"visible":true,"active":true,"userDisabled":false,"appDisabled":false,"installDate":1515588317798,"updateDate":1515588317798,"applyBackgroundUpdates":1,"bootstrap":true,"path":"C:\\Program Files (x86)\\Mozilla Firefox\\browser\\features\\shield-recipe-client@mozilla.org.xpi","skinnable":false,"size":364002,"sourceURI":null,"releaseNotesURI":null,"softDisabled":false,"foreignInstall":false,"hasBinaryComponents":false,"strictCompatibility":false,"locales":[],"targetApplications":[{"id":"{ec8030f7-c20a-464f-9b0e-13a3a9e97384}","minVersion":"57.0.4","maxVersion":"57.*"}],"targetPlatforms":[],"multiprocessCompatible":true,"seen":true,"dependencies":[],"hasEmbeddedWebExtension":false,"mpcOptedOut":false,"userPermissions":null,"icons":{},"iconURL":null,"icon64URL":null,"blocklistState":0,"blocklistURL":null}
1515593530049	addons.xpi	DEBUG	Updating XPIState for {"id":"webcompat@mozilla.org","syncGUID":"{e6c49615-b09f-455e-b5b2-9a76eac99561}","location":"app-system-defaults","version":"1.1","type":"extension","internalName":null,"updateURL":null,"updateKey":null,"optionsURL":null,"optionsType":null,"aboutURL":null,"defaultLocale":{"name":"Web Compat","description":"Urgent post-release fixes for web compatibility.","creator":null,"homepageURL":null},"visible":true,"active":true,"userDisabled":false,"appDisabled":false,"installDate":1515588317730,"updateDate":1515588317730,"applyBackgroundUpdates":1,"bootstrap":true,"path":"C:\\Program Files (x86)\\Mozilla Firefox\\browser\\features\\webcompat@mozilla.org.xpi","skinnable":false,"size":9268,"sourceURI":null,"releaseNotesURI":null,"softDisabled":false,"foreignInstall":false,"hasBinaryComponents":false,"strictCompatibility":false,"locales":[],"targetApplications":[{"id":"{ec8030f7-c20a-464f-9b0e-13a3a9e97384}","minVersion":"57.0.4","maxVersion":"57.*"}],"targetPlatforms":[],"multiprocessCompatible":true,"seen":true,"dependencies":[],"hasEmbeddedWebExtension":false,"mpcOptedOut":false,"userPermissions":null,"icons":{},"iconURL":null,"icon64URL":null,"blocklistState":0,"blocklistURL":null}
1515593530050	addons.xpi	DEBUG	Updating XPIState for {"id":"{972ce4c6-7e08-4474-a285-3208198ce6fd}","syncGUID":"{0bd6e99a-8487-469c-8d73-119ff032e6e0}","location":"app-global","version":"57.0.4","type":"theme","internalName":"classic/1.0","updateURL":null,"updateKey":null,"optionsURL":null,"optionsType":null,"optionsBrowserStyle":null,"aboutURL":null,"defaultLocale":{"name":"Default","description":"The default theme.","creator":"Mozilla","homepageURL":null,"contributors":["Mozilla Contributors"]},"visible":true,"active":true,"userDisabled":false,"appDisabled":false,"installDate":1515588318979,"updateDate":1515588318979,"applyBackgroundUpdates":1,"path":"C:\\Program Files (x86)\\Mozilla Firefox\\browser\\extensions\\{972ce4c6-7e08-4474-a285-3208198ce6fd}.xpi","skinnable":true,"size":3354,"sourceURI":null,"releaseNotesURI":null,"softDisabled":false,"foreignInstall":false,"hasBinaryComponents":false,"strictCompatibility":true,"locales":[],"targetApplications":[{"id":"{ec8030f7-c20a-464f-9b0e-13a3a9e97384}","minVersion":"57.0.4","maxVersion":"57.0.4"}],"targetPlatforms":[],"seen":true,"dependencies":[],"hasEmbeddedWebExtension":false,"userPermissions":null,"icons":{},"iconURL":"chrome://browser/content/default-theme-icon.svg","icon64URL":null,"blocklistState":0,"blocklistURL":null}
1515593530050	DeferredSave.extensions.json	DEBUG	Save changes
1515593530050	addons.xpi	DEBUG	Updating database with changes to installed add-ons
1515593530050	addons.xpi-utils	DEBUG	Updating add-on states
1515593530056	addons.xpi	DEBUG	Registering manifest for C:\Program Files (x86)\Mozilla Firefox\browser\features\activity-stream@mozilla.org.xpi
1515593530057	addons.xpi	DEBUG	Calling bootstrap method startup on activity-stream@mozilla.org version 2017.11.07.1100-7f4e3634
1515593530058	addons.xpi	DEBUG	Registering manifest for C:\Program Files (x86)\Mozilla Firefox\browser\features\aushelper@mozilla.org.xpi
1515593530059	addons.xpi	DEBUG	Calling bootstrap method startup on aushelper@mozilla.org version 2.0
1515593530060	addons.xpi	DEBUG	Registering manifest for C:\Program Files (x86)\Mozilla Firefox\browser\features\e10srollout@mozilla.org.xpi
1515593530060	addons.xpi	DEBUG	Calling bootstrap method startup on e10srollout@mozilla.org version 3.05
1515593530061	addons.xpi	DEBUG	Registering manifest for C:\Program Files (x86)\Mozilla Firefox\browser\features\firefox@getpocket.com.xpi
1515593530061	addons.xpi	DEBUG	Calling bootstrap method startup on firefox@getpocket.com version 1.0.5
1515593530071	addons.xpi	DEBUG	Registering manifest for C:\Program Files (x86)\Mozilla Firefox\browser\features\followonsearch@mozilla.com.xpi
1515593530071	addons.xpi	DEBUG	Calling bootstrap method startup on followonsearch@mozilla.com version 0.9.6
1515593530072	addons.xpi	DEBUG	Registering manifest for C:\Program Files (x86)\Mozilla Firefox\browser\features\formautofill@mozilla.org.xpi
1515593530073	addons.xpi	DEBUG	Calling bootstrap method startup on formautofill@mozilla.org version 1.0
1515593530073	addons.xpi	DEBUG	Registering manifest for C:\Program Files (x86)\Mozilla Firefox\browser\features\onboarding@mozilla.org.xpi
1515593530074	addons.xpi	DEBUG	Calling bootstrap method startup on onboarding@mozilla.org version 1.0
1515593530074	addons.xpi	DEBUG	Registering manifest for C:\Program Files (x86)\Mozilla Firefox\browser\features\screenshots@mozilla.org.xpi
1515593530075	addons.xpi	DEBUG	Calling bootstrap method startup on screenshots@mozilla.org version 19.2.0
1515593530075	addons.xpi	DEBUG	Registering manifest for C:\Program Files (x86)\Mozilla Firefox\browser\features\shield-recipe-client@mozilla.org.xpi
1515593530076	addons.xpi	DEBUG	Calling bootstrap method startup on shield-recipe-client@mozilla.org version 76.1
1515593530083	addons.xpi	DEBUG	Registering manifest for C:\Program Files (x86)\Mozilla Firefox\browser\features\webcompat@mozilla.org.xpi
1515593530084	addons.xpi	DEBUG	Calling bootstrap method startup on webcompat@mozilla.org version 1.1
1515593530087	addons.manager	DEBUG	Registering shutdown blocker for XPIProvider
1515593530087	addons.manager	DEBUG	Provider finished startup: XPIProvider
1515593530087	addons.manager	DEBUG	Starting provider: LightweightThemeManager
1515593530088	addons.manager	DEBUG	Registering shutdown blocker for LightweightThemeManager
1515593530088	addons.manager	DEBUG	Provider finished startup: LightweightThemeManager
1515593530088	addons.manager	DEBUG	Starting provider: GMPProvider
1515593530094	addons.manager	DEBUG	Registering shutdown blocker for GMPProvider
1515593530094	addons.manager	DEBUG	Provider finished startup: GMPProvider
1515593530094	addons.manager	DEBUG	Starting provider: PluginProvider
1515593530094	addons.manager	DEBUG	Registering shutdown blocker for PluginProvider
1515593530095	addons.manager	DEBUG	Provider finished startup: PluginProvider
1515593530096	addons.manager	DEBUG	Completed startup sequence
1515593530460	Marionette	INFO	Enabled via --marionette
1515593530592	addons.manager	DEBUG	Starting provider: PreviousExperimentProvider
1515593530592	addons.manager	DEBUG	Registering shutdown blocker for PreviousExperimentProvider
1515593530593	addons.manager	DEBUG	Provider finished startup: PreviousExperimentProvider
1515593532250	DeferredSave.extensions.json	DEBUG	Starting write
1515593532307	DeferredSave.webext.sc.lz4	DEBUG	Save changes
1515593532307	DeferredSave.webext.sc.lz4	DEBUG	Starting timer
1515593532508	DeferredSave.webext.sc.lz4	DEBUG	Save changes
1515593532533	DeferredSave.webext.sc.lz4	DEBUG	Save changes
1515593532534	DeferredSave.webext.sc.lz4	DEBUG	Save changes
1515593532535	DeferredSave.webext.sc.lz4	DEBUG	Save changes
1515593532536	DeferredSave.webext.sc.lz4	DEBUG	Save changes
1515593532538	DeferredSave.webext.sc.lz4	DEBUG	Save changes
1515593532540	DeferredSave.webext.sc.lz4	DEBUG	Save changes
1515593532541	DeferredSave.webext.sc.lz4	DEBUG	Save changes
1515593532542	DeferredSave.webext.sc.lz4	DEBUG	Save changes
1515593532543	DeferredSave.webext.sc.lz4	DEBUG	Save changes
1515593532543	DeferredSave.webext.sc.lz4	DEBUG	Save changes
1515593532544	DeferredSave.webext.sc.lz4	DEBUG	Save changes
1515593532545	DeferredSave.webext.sc.lz4	DEBUG	Save changes
1515593532547	DeferredSave.webext.sc.lz4	DEBUG	Save changes
1515593532548	DeferredSave.webext.sc.lz4	DEBUG	Save changes
1515593532549	DeferredSave.webext.sc.lz4	DEBUG	Save changes
1515593532550	DeferredSave.webext.sc.lz4	DEBUG	Save changes
1515593532552	DeferredSave.webext.sc.lz4	DEBUG	Save changes
1515593532553	DeferredSave.webext.sc.lz4	DEBUG	Save changes
1515593532554	DeferredSave.webext.sc.lz4	DEBUG	Save changes
1515593532554	DeferredSave.webext.sc.lz4	DEBUG	Save changes
1515593532555	DeferredSave.webext.sc.lz4	DEBUG	Save changes
1515593532556	DeferredSave.webext.sc.lz4	DEBUG	Save changes
1515593532559	DeferredSave.webext.sc.lz4	DEBUG	Save changes
1515593532560	DeferredSave.webext.sc.lz4	DEBUG	Save changes
1515593532561	DeferredSave.webext.sc.lz4	DEBUG	Save changes
1515593532562	DeferredSave.webext.sc.lz4	DEBUG	Save changes
1515593532562	DeferredSave.webext.sc.lz4	DEBUG	Save changes
1515593532563	DeferredSave.webext.sc.lz4	DEBUG	Save changes
1515593532563	DeferredSave.webext.sc.lz4	DEBUG	Save changes
1515593532564	DeferredSave.webext.sc.lz4	DEBUG	Save changes
1515593532565	DeferredSave.webext.sc.lz4	DEBUG	Save changes
1515593532566	DeferredSave.webext.sc.lz4	DEBUG	Save changes
1515593532567	DeferredSave.webext.sc.lz4	DEBUG	Save changes
1515593532568	DeferredSave.webext.sc.lz4	DEBUG	Save changes
1515593532568	DeferredSave.webext.sc.lz4	DEBUG	Save changes
1515593532569	DeferredSave.webext.sc.lz4	DEBUG	Save changes
1515593532570	DeferredSave.webext.sc.lz4	DEBUG	Save changes
1515593532571	DeferredSave.webext.sc.lz4	DEBUG	Save changes
1515593532572	DeferredSave.webext.sc.lz4	DEBUG	Save changes
1515593532572	DeferredSave.webext.sc.lz4	DEBUG	Save changes
1515593532572	DeferredSave.webext.sc.lz4	DEBUG	Save changes
1515593532574	DeferredSave.webext.sc.lz4	DEBUG	Save changes
1515593532575	DeferredSave.webext.sc.lz4	DEBUG	Save changes
1515593532576	DeferredSave.webext.sc.lz4	DEBUG	Save changes
1515593532577	DeferredSave.webext.sc.lz4	DEBUG	Save changes
1515593532578	DeferredSave.webext.sc.lz4	DEBUG	Save changes
1515593532579	DeferredSave.webext.sc.lz4	DEBUG	Save changes
1515593532582	DeferredSave.webext.sc.lz4	DEBUG	Save changes
1515593532583	DeferredSave.webext.sc.lz4	DEBUG	Save changes
1515593532585	DeferredSave.webext.sc.lz4	DEBUG	Save changes
1515593532587	DeferredSave.extensions.json	DEBUG	Write succeeded
1515593532587	addons.xpi-utils	DEBUG	XPI Database saved, setting schema version preference to 23
1515593532590	DeferredSave.webext.sc.lz4	DEBUG	Save changes
1515593532592	DeferredSave.webext.sc.lz4	DEBUG	Save changes
1515593532634	DeferredSave.webext.sc.lz4	DEBUG	Save changes
1515593532635	DeferredSave.webext.sc.lz4	DEBUG	Save changes
1515593532773	addons.xpi	INFO	Mapping activity-stream@mozilla.org to C:\Program Files (x86)\Mozilla Firefox\browser\features\activity-stream@mozilla.org.xpi
1515593532773	addons.xpi	INFO	Mapping aushelper@mozilla.org to C:\Program Files (x86)\Mozilla Firefox\browser\features\aushelper@mozilla.org.xpi
1515593532773	addons.xpi	INFO	Mapping e10srollout@mozilla.org to C:\Program Files (x86)\Mozilla Firefox\browser\features\e10srollout@mozilla.org.xpi
1515593532773	addons.xpi	INFO	Mapping firefox@getpocket.com to C:\Program Files (x86)\Mozilla Firefox\browser\features\firefox@getpocket.com.xpi
1515593532773	addons.xpi	INFO	Mapping followonsearch@mozilla.com to C:\Program Files (x86)\Mozilla Firefox\browser\features\followonsearch@mozilla.com.xpi
1515593532773	addons.xpi	INFO	Mapping formautofill@mozilla.org to C:\Program Files (x86)\Mozilla Firefox\browser\features\formautofill@mozilla.org.xpi
1515593532773	addons.xpi	INFO	Mapping onboarding@mozilla.org to C:\Program Files (x86)\Mozilla Firefox\browser\features\onboarding@mozilla.org.xpi
1515593532773	addons.xpi	INFO	Mapping screenshots@mozilla.org to C:\Program Files (x86)\Mozilla Firefox\browser\features\screenshots@mozilla.org.xpi
1515593532773	addons.xpi	INFO	Mapping shield-recipe-client@mozilla.org to C:\Program Files (x86)\Mozilla Firefox\browser\features\shield-recipe-client@mozilla.org.xpi
1515593532773	addons.xpi	INFO	Mapping webcompat@mozilla.org to C:\Program Files (x86)\Mozilla Firefox\browser\features\webcompat@mozilla.org.xpi
1515593532774	addons.xpi	DEBUG	Existing add-on activity-stream@mozilla.org in app-system-defaults
1515593532775	addons.xpi	DEBUG	Existing add-on aushelper@mozilla.org in app-system-defaults
1515593532775	addons.xpi	DEBUG	Existing add-on e10srollout@mozilla.org in app-system-defaults
1515593532775	addons.xpi	DEBUG	Existing add-on firefox@getpocket.com in app-system-defaults
1515593532776	addons.xpi	DEBUG	Existing add-on followonsearch@mozilla.com in app-system-defaults
1515593532776	addons.xpi	DEBUG	Existing add-on formautofill@mozilla.org in app-system-defaults
1515593532777	addons.xpi	DEBUG	Existing add-on onboarding@mozilla.org in app-system-defaults
1515593532777	addons.xpi	DEBUG	Existing add-on screenshots@mozilla.org in app-system-defaults
1515593532777	addons.xpi	DEBUG	Existing add-on shield-recipe-client@mozilla.org in app-system-defaults
1515593532778	addons.xpi	DEBUG	Existing add-on webcompat@mozilla.org in app-system-defaults
1515593532779	addons.xpi	INFO	Mapping {972ce4c6-7e08-4474-a285-3208198ce6fd} to C:\Program Files (x86)\Mozilla Firefox\browser\extensions\{972ce4c6-7e08-4474-a285-3208198ce6fd}.xpi
1515593532780	addons.xpi	DEBUG	Existing add-on {972ce4c6-7e08-4474-a285-3208198ce6fd} in app-global
1515593532780	addons.xpi	DEBUG	getInstallState changed: false, state: {}
1515593534071	Marionette	INFO	Listening on port 58476
1515593534719	Marionette	WARN	TLS certificate errors will be ignored for this session
1515593534801	Marionette	DEBUG	Register listener.js for window 4294967297
1515593534851	Marionette	DEBUG	Received DOM event "beforeunload" for "about:blank"
1515593535883	Marionette	DEBUG	Received DOM event "pagehide" for "about:blank"
1515593535884	Marionette	DEBUG	Received DOM event "unload" for "about:blank"
1515593536057	Marionette	DEBUG	Received DOM event "DOMContentLoaded" for "https://www.google.ru/?gfe_rd=cr&dcr=0&ei=PR9WWsyJJJCEygXCoYfwDw&gws_rd=ssl"
1515593537150	Marionette	DEBUG	Received DOM event "pageshow" for "https://www.google.ru/?gfe_rd=cr&dcr=0&ei=PR9WWsyJJJCEygXCoYfwDw&gws_rd=ssl"
1515593537175	addons.xpi	DEBUG	Calling bootstrap method shutdown on webcompat@mozilla.org version 1.1
1515593537175	addons.xpi	DEBUG	Calling bootstrap method shutdown on shield-recipe-client@mozilla.org version 76.1
1515593537176	addons.xpi	DEBUG	Calling bootstrap method shutdown on screenshots@mozilla.org version 19.2.0
1515593537184	addons.xpi	DEBUG	Calling bootstrap method shutdown on onboarding@mozilla.org version 1.0
1515593537185	addons.xpi	DEBUG	Calling bootstrap method shutdown on formautofill@mozilla.org version 1.0
1515593537185	addons.xpi	DEBUG	Calling bootstrap method shutdown on followonsearch@mozilla.com version 0.9.6
1515593537186	addons.xpi	DEBUG	Calling bootstrap method shutdown on firefox@getpocket.com version 1.0.5
1515593537187	addons.xpi	DEBUG	Calling bootstrap method shutdown on e10srollout@mozilla.org version 3.05
1515593537187	addons.xpi	DEBUG	Calling bootstrap method shutdown on aushelper@mozilla.org version 2.0
1515593537188	addons.xpi	DEBUG	Calling bootstrap method shutdown on activity-stream@mozilla.org version 2017.11.07.1100-7f4e3634
cket.com version 1.0.5
1515593410884	addons.xpi	DEBUG	Calling bootstrap method shutdown on e10srollout@mozilla.org version 3.05
1515593410884	addons.xpi	DEBUG	Calling bootstrap method shutdown on aushelper@mozilla.org version 2.0
1515593410885	addons.xpi	DEBUG	Calling bootstrap method shutdown on activity-stream@mozilla.org version 2017.11.07.1100-7f4e3634
 on firefox@getpocket.com version 1.0.5
1515593298725	addons.xpi	DEBUG	Calling bootstrap method shutdown on e10srollout@mozilla.org version 3.05
1515593298725	addons.xpi	DEBUG	Calling bootstrap method shutdown on aushelper@mozilla.org version 2.0
1515593298726	addons.xpi	DEBUG	Calling bootstrap method shutdown on activity-stream@mozilla.org version 2017.11.07.1100-7f4e3634
[Parent 14656, Gecko_IOThread] WARNING: pipe error: 109: file z:/build/build/src/ipc/chromium/src/chrome/common/ipc_channel_win.cc, line 346
